5 296 63 219 126 183
8 161 204 3 201 279 178 52 130
4 281 208 149 132
3 256 293 257
4 206 37 173 175
4 95 243 1 151
4 228 71 247 2
4 209 104 49 274
9 13 253 48 196 141 252 94 77 165
3 290 143 153
6 127 16 215 123 84 169
4 59 155 272 211
6 75 287 205 292 223 189
6 224 111 119 112 154 135
4 0 262 240 9
5 170 20 288 194 278
5 242 145 297 97 233
5 35 106 12 186 69
3 152 47 229
5 121 117 25 192 251
6 14 114 266 142 30 46
8 68 271 61 160 131 43 231 270
4 140 181 289 176
4 156 239 282 67
3 265 78 120
6 113 29 73 42 51 66
7 177 22 6 81 10 182 100
5 101 83 250 55 17
4 27 98 264 280
7 214 197 237 76 138 124 115
4 273 96 45 248
6 105 244 11 90 283 31
9 294 162 44 174 50 89 70 5 255
6 82 157 23 190 235 238
5 107 185 109 147 139
2 146 291
9 180 259 260 213 39 241 93 118 199
8 148 159 227 125 21 284 258 163
5 136 15 285 207 269
5 216 226 91 295 195
4 58 19 217 298
3 62 28 236
6 85 137 79 245 158 191
5 133 32 202 254 26
3 60 40 86
5 218 18 200 102 268
5 103 193 277 128 64
5 80 261 230 172 222
5 108 92 57 188 122
4 203 171 129 232
5 249 276 74 198 53
6 167 7 210 144 267 166
2 54 38
3 164 72 150
4 212 299 220 187
6 116 4 286 246 225 263
3 87 8 56
3 168 134 24
2 184 88
1 110
1 41
1 275
1 34
1 99
0 
0 
0 
0 
0 
0 
0 
0 
0 
0 
0 
0 
0 
0 
0 
0 
0 
0 
0 
0 
0 
0 
0 
0 
0 
0 
0 
0 
0 
0 
0 
0 
0 
0 
0 
0 
