13 622 219 567 696 113 977 1 454 395 304 322 124 978
22 961 117 519 489 24 554 739 315 442 895 46 115 294 538 366 914 859 748 220 165 73 218
21 222 273 61 734 109 842 902 332 152 531 767 281 21 592 525 954 632 270 54 49 766
15 580 541 658 817 874 989 640 595 40 936 611 495 361 207 820
19 187 372 713 741 55 477 699 481 318 657 388 912 581 619 654 291 389 302 262
22 88 297 474 726 730 428 596 552 120 178 584 776 333 185 605 747 746 667 635 431 316 995
22 423 768 513 248 802 951 645 674 979 285 714 453 125 80 558 191 197 937 662 794 391 438
14 375 29 864 608 839 330 952 576 129 471 556 336 79 923
26 606 920 769 585 19 610 400 200 565 720 482 81 387 484 866 547 528 787 625 466 269 705 598 447 818 26
12 957 789 135 984 559 163 274 953 242 195 160 492
18 568 549 583 661 697 209 267 907 177 546 105 819 134 139 420 858 653 368
18 445 268 945 892 212 448 35 244 524 319 695 171 149 888 446 307 204 89
20 700 157 672 394 166 245 128 326 290 782 127 189 959 78 731 973 226 143 60 240
20 190 271 41 439 47 881 74 485 408 356 450 347 750 573 480 452 107 86 70 807
18 563 649 833 987 126 260 701 500 309 158 407 804 259 8 980 840 638 690
25 303 84 627 493 498 85 930 106 30 777 594 441 418 44 7 835 463 194 173 34 884 373 345 308 491
19 328 277 965 933 871 969 929 490 736 738 205 393 971 966 955 763 535 398 962
15 168 935 161 826 514 286 509 793 613 983 132 532 479 182 641
9 206 409 457 369 350 238 958 974 180
13 825 956 656 607 990 23 788 111 436 637 327 343 939
19 150 601 572 252 542 544 235 103 534 855 451 571 548 410 131 58 12 6 685
17 530 435 164 354 353 137 733 414 363 340 829 411 140 108 749 737 994
17 502 69 849 708 821 847 412 614 470 743 925 603 526 390 176 0 948
17 655 210 475 529 643 516 862 754 684 941 745 192 651 630 251 170 432
17 718 172 146 66 691 636 399 909 261 198 604 460 712 927 4 566 247
18 419 95 846 671 751 709 967 816 612 894 577 63 631 644 623 455 392 831
4 284 415 97 476
14 98 313 867 10 37 77 964 850 312 246 648 296 234 437
18 975 665 506 982 292 578 536 698 589 600 162 404 861 834 314 540 898 298
10 615 830 761 141 508 890 255 257 868 773
17 780 199 379 586 67 386 201 609 416 504 299 913 900 443 321 20 464
17 57 922 832 348 249 151 740 467 539 628 721 323 16 845 790 465 590
18 854 942 560 425 52 670 517 276 53 985 574 642 324 783 188 758 263 762
17 417 753 380 64 934 458 938 17 28 344 264 932 756 329 472 557 910
17 533 100 772 886 230 689 800 72 875 359 503 988 36 488 82 795 926
16 856 617 646 993 397 118 880 153 243 727 287 652 755 18 722 626
16 511 992 39 857 83 515 771 213 735 45 960 879 421 811 998 976
14 266 633 91 883 130 946 809 184 752 706 664 562 148 229
11 507 233 815 110 593 68 944 13 424 224 906
14 381 241 704 374 659 215 384 798 101 289 679 757 406 784
19 950 422 660 403 949 365 202 924 518 940 570 781 522 51 869 797 729 707 579
12 666 893 575 278 510 253 917 426 413 123 427 602
9 873 732 214 217 972 591 931 486 317
17 497 92 494 461 947 112 537 50 94 334 860 265 901 669 325 231 770
18 102 629 396 716 808 11 434 999 968 331 681 673 885 911 371 56 805 836
18 119 986 300 352 275 692 889 449 803 478 75 764 792 702 587 295 144 828
14 208 921 254 382 283 22 801 227 335 179 915 822 360 778
16 378 159 843 715 865 543 279 42 5 362 221 301 430 759 181 383
11 311 823 876 897 280 2 561 991 174 136 142
11 499 232 877 154 116 346 167 145 810 469 9
18 32 376 444 193 402 3 887 357 703 569 891 429 555 349 401 796 675 710
16 853 175 459 272 639 256 186 288 496 564 981 597 31 59 616 899
5 908 582 433 512 943
1 306
4 364 687 62 725
13 775 462 523 15 774 694 676 814 551 765 919 650 844
7 677 719 147 711 355 133 872
9 377 65 683 863 693 717 351 341 236
11 896 553 76 618 90 385 905 87 38 228 440
6 799 624 155 339 785 14
7 196 928 634 647 848 33 258
10 599 501 680 545 305 851 520 114 71 99
1 310
7 138 93 686 824 505 903 468
6 779 724 744 25 367 791
7 282 970 786 963 96 620 121
4 852 293 841 723
6 527 405 456 487 588 806
6 122 997 813 337 237 882
4 688 370 760 904
3 320 742 27
5 216 473 996 827 838
3 550 338 916
1 211
3 225 156 342
2 682 43
1 183
2 918 728
2 239 812
3 668 878 678
1 870
1 223
1 483
1 250
1 104
1 358
1 663
1 621
1 169
1 521
0 
0 
0 
0 
0 
0 
0 
0 
0 
0 
0 
0 
0 
0 
0 
0 
0 
0 
0 
0 
0 
0 
0 
0 
0 
0 
0 
0 
0 
0 
0 
0 
0 
0 
0 
0 
0 
0 
0 
0 
0 
0 
0 
0 
0 
0 
0 
0 
0 
0 
0 
0 
0 
0 
0 
0 
0 
0 
0 
0 
0 
0 
0 
0 
0 
0 
0 
0 
0 
0 
0 
0 
0 
0 
0 
0 
0 
0 
0 
0 
0 
0 
0 
0 
0 
0 
0 
0 
0 
0 
0 
0 
0 
0 
0 
0 
0 
0 
0 
0 
0 
0 
0 
0 
0 
0 
0 
0 
0 
0 
0 
0 
0 
0 
0 
0 
0 
0 
0 
0 
0 
0 
0 
0 
0 
0 
0 
0 
0 
0 
0 
0 
0 
0 
0 
0 
0 
0 
0 
0 
0 
0 
0 
0 
0 
0 
0 
0 
0 
0 
0 
0 
0 
0 
0 
0 
0 
0 
0 
0 
0 
0 
0 
0 
0 
0 
0 
0 
0 
0 
0 
0 
0 
0 
0 
0 
0 
0 
0 
0 
0 
0 
0 
0 
0 
0 
0 
0 
0 
0 
0 
0 
0 
0 
0 
0 
0 
0 
0 
0 
0 
0 
0 
0 
0 
0 
0 
0 
0 
0 
0 
0 
0 
0 
0 
0 
0 
0 
0 
0 
0 
0 
0 
0 
0 
0 
0 
0 
0 
0 
0 
0 
0 
0 
0 
0 
0 
0 
0 
0 
0 
0 
0 
0 
0 
0 
0 
0 
0 
0 
0 
0 
0 
0 
0 
0 
0 
0 
0 
0 
0 
0 
0 
0 
0 
0 
0 
0 
0 
0 
0 
0 
0 
0 
0 
0 
0 
0 
0 
0 
0 
0 
0 
0 
0 
0 
0 
0 
0 
0 
0 
0 
0 
0 
0 
0 
0 
0 
0 
0 
0 
0 
0 
0 
0 
0 
0 
0 
0 
0 
