3113 5604 6056 2635 2098 2223 6096 3448 2734 6933 8103 2758 8858 7849 2440 8598 4467 9581 2368 8220 9151 8854 1959 1711 1408 6950 9888 6613 835 7320 5832 3187 6198 3042 2234 6261 4114 2921 9475 2139 8172 3516 5876 2772 3491 2922 9014 3766 4967 654 2378 5266 4904 5254 9861 666 4473 1826 6812 152 1574 2586 3353 207 993 6638 6891 8424 4611 5465 4466 9435 7576 7633 5057 3815 4764 7760 7822 4119 5147 7313 8315 8039 5524 5030 2636 8184 7643 6227 3611 4753 957 1599 5326 4398 6557 493 7662 6845 4974 3592 9155 3709 3216 3425 6197 2417 5482 2652 1109 6392 5703 7324 1660 6190 9445 7674 2607 3877 1752 7245 5014 4182 1577 4759 9688 7782 7047 8995 138 4246 994 436 3075 9031 395 78 4349 7175 1831 8579 1764 8207 2496 9988 7030 9718 5370 389 1134 816 1312 2648 4071 8044 2182 1492 4574 8267 5097 2563 1424 1938 8786 7787 5944 9601 8404 3827 6347 9942 4392 9136 9157 3551 7006 7606 1143 2265 626 8948 4980 9992 4166 5354 3860 8183 1753 6888 7720 6597 2330 6671 8078 2785 1359 4115 7794 7937 701 1566 5475 5798 3968 1130 862 8346 4581 1191 7918 4170 1348 7613 5557 3505 3873 2297 6980 6603 9440 1038 4794 2711 3235 3210 5777 4662 4616 6720 8657 90 3198 6785 3169 5262 5903 9584 3765 2198 8590 9589 7496 2583 6669 3181 2351 3060 5467 2365 8415 8952 5492 9561 2954 5967 1415 9492 3856 6857 5917 1365 766 7566 5846 6488 2005 3693 5613 5245 6770 1196 7115 405 6687 6482 5209 1734 1595 1377 8017 548 7487 750 3482 1339 2813 4944 5886 1247 8980 4632 68 5206 9756 7883 5237 5934 8927 5794 5153 3598 9104 8481 5195 3027 2847 5185 3681 2715 9699 544 665 5653 4259 9635 2766 2335 5476 2649 9366 3534 3782 9202 5555 5241 6635 8026 416 7864 6655 8432 2933 6664 9951 7014 9791 9850 479 2693 2263 1067 5462 2205 7173 8134 9506 128 5233 1139 330 7475 4937 7384 2482 61 5345 8143 5156 8977 7329 4996 502 4214 3579 6474 5031 2418 811 6363 3575 1066 3503 1779 854 9131 2000 8717 7183 1818 1691 6245 3701 3051 8073 9224 1014 1520 457 9732 5545 6382 3201 7042 9236 3899 8438 7011 7244 968 1700 3903 2469 5583 8166 8543 5632 4909 2 6935 7397 130 6620 2169 5895 8547 7449 6578 8339 9891 6864 6509 8829 2003 5349 69 4067 8586 7331 5965 2252 6152 4436 2756 2971 7351 4757 1675 9632 9568 7120 928 4186 8261 9382 1422 1417 2253 3844 498 7742 2526 9219 4507 8890 8565 2459 6699 9079 1597 1051 8327 9304 2524 1049 7060 7026 9940 8120 5461 6563 2037 3951 659 2168 3620 3278 4156 9384 8052 4474 4777 5940 7253 3919 7232 1059 3762 3126 6623 4917 9884 3259 6402 2048 9251 8872 6459 6150 6275 6073 2384 9817 288 6046 6493 3518 9811 736 1772 7752 8778 4622 3405 676 3696 5516 1053 2506 1756 5298 2916 8714 8701 1907 5148 7894 1505 8464 6600 1210 3331 9735 8624 6819 1152 8906 1442 4529 9263 9139 8273 2755 7581 4386 6765 9772 7279 7176 7249 7986 4391 6410 4192 215 6681 6485 3707 5066 3292 1659 6168 721 5705 6177 4152 9190 5585 1560 9416 2358 6922 3373 9754 6231 2841 2599 3347 3755 9258 3560 6516 2966 281 7151 3410 5696 1600 8833 338 1465 9520 9719 9484 8663 837 2201 4976 9268 9899 9286 9640 873 4304 8820 7845 5117 3746 9200 8046 4144 2239 9629 4716 5116 780 6876 5436 4314 9907 1390 3907 2036 1178 1822 8027 7976 8765 238 3680 2747 9669 7191 5244 9462 1441 1760 879 6753 1250 7116 2323 9974 9915 8910 949 1631 7436 443 2359 7381 6000 8471 5102 6754 598 7769 2352 9397 7203 1293 6452 5860 8234 2212 4126 422 2992 7375 6634 5307 1412 2279 2057 9391 7149 1165 7185 7650 4175 8281 9241 5542 4788 8410 7299 5796 35 8006 5052 7679 2873 4627 8970 9165 8204 5896 434 8726 5783 397 9489 2195 2391 1787 408 4355 7621 653 2394 9708 979 4393 7022 1515 6500 385 1994 147 5201 684 7572 1547 8913 3346 9790 8201 7607 2642 2591 9356 9546 1562 1282 791 1229 6049 4628 8991 4076 7980 6112 1245 9909 6128 6427 3079 7406 6411 1854 9540 8500 9235 9272 8968 4942 6815 5167 675 3114 6519 5171 3164 3610 5610 5360 3479 3272 8937 9302 8933 2129 7361 513 690 456 2135 7988 2801 851 8178 3318 9467 6826 5925 134 6027 3122 5670 81 3667 3871 7790 6244 5587 3741 9394 9864 164 2298 4858 5596 1368 6874 9439 9183 6446 996 4350 2136 3644 7675 1944 4387 5916 1238 8526 9989 6727 3439 9406 3275 7349 4089 8365 9329 1203 3934 964 9182 3480 9795 9753 6167 9898 1258 760 3417 8381 7691 7872 5170 5433 4221 8001 1904 541 7800 6280 3348 2771 1770 7526 610 7777 1917 7870 8834 1151 7513 3745 3205 5639 4524 8791 3625 2161 3651 4703 3090 1689 5274 9415 190 9380 8418 3297 1009 8569 7927 7061 2375 2679 2774 883 6866 91 5742 8488 2403 1735 6361 7605 8679 9461 5315 150 4566 1127 117 8581 2106 6912 2313 6267 1243 6652 8460 7393 8462 4953 6312 8812 1996 6979 8263 1639 9495 4880 8463 2613 5637 0 4694 466 6764 9939 1344 4874 8211 2499 4630 9994 3192 8251 4828 5058 6221 6615 4017 4550 4025 7163 7993 7629 9658 1603 9851 9437 2194 4137 8264 6163 3905 7748 1898 848 1871 7891 3427 6230 8798 8641 141 5822 8274 8876 1767 2680 9338 6522 420 8680 8528 5510 9186 1194 7117 4724 4341 4193 1306 9078 8532 6473 2331 4145 3242 901 2337 468 8042 4413 1477 5975 1302 5146 4229 4938 5506 6436 7598 1620 8004 74 184 3678 9762 3018 2525 6215 3086 6409 7765 1549 4958 597 400 3304 5802 4190 3544 194 7390 4831 174 6572 3340 200 1326 1433 5911 7869 6296 5862 5434 473 3785 3647 3300 8458 3882 2989 8025 1792 5071 1427 5763 2542 2289 888 743 2021 987 689 8577 5028 1671 1802 1971 5390 266 7835 1692 4444 1679 1007 2132 5010 4500 670 2207 4864 9808 2071 3481 392 2558 5514 6385 1120 8262 4031 7709 3398 7209 7135 4095 8728 5704 6708 391 5547 2646 4306 2955 9835 2595 332 1020 7419 1532 9660 2243 7680 739 9267 1986 8840 5397 9363 373 4792 9231 7046 7661 5425 5059 1360 1248 7847 4652 6711 6872 1121 3320 5382 465 7268 6606 943 7522 2009 7761 1233 4577 2513 2947 413 1256 8122 7091 8013 7374 3565 3743 4292 5793 793 1849 4272 893 3313 9526 5064 7082 2183 4178 2846 2320 6515 2867 1000 9090 7876 5175 4262 5781 7651 135 7097 8511 9067 9548 3850 219 3545 7105 9178 4785 8391 7450 3364 3989 3863 4140 1526 5601 5429 3430 5100 560 8894 5951 1290 3637 4921 3110 4579 5304 3835 4519 594 8369 7776 7942 2068 6707 4334 83 7330 6862 3484 5530 3794 974 4782 6210 2100 2924 8206 3494 4431 9012 4079 715 1074 8573 4520 6138 9247 3191 872 4684 1799 8215 4833 5192 8877 1709 6252 1825 1045 5327 6927 161 7950 6800 5603 7706 4822 8047 5297 6697 686 4101 3548 9689 778 9780 4153 5568 7400 4564 2946 2124 6999 2590 7257 1493 1032 2802 1960 1320 5291 8294 9332 1680 5963 8801 6585 6354 4440 7645 7000 7336 9871 6893 1754 3273 3228 5420 3146 1797 9092 9703 39 5405 8552 4293 3817 1182 5533 5592 2260 1630 9545 2897 7355 3453 1747 4019 564 8861 2325 5964 6224 4882 1749 7213 1215 7816 4284 9906 2610 584 3078 5834 116 5347 8507 7429 9372 7328 8296 9218 2262 8284 6582 6989 2891 4667 4316 7282 9983 865 8821 5000 9035 292 3982 8222 9919 8106 6238 2998 5852 6763 5701 8611 2826 7873 8008 8089 1085 8335 529 2887 4375 1292 7032 140 1489 1460 4591 4295 1589 9964 9651 7560 310 2373 9300 6954 907 6460 8191 8939 8413 2382 9664 7941 7459 3819 8337 8813 2502 609 8605 2389 9179 7554 9739 9303 2148 8476 1023 6098 1402 5998 7157 7589 322 76 1585 5611 4914 2184 5578 9365 2153 2314 8721 1034 4179 9280 5691 7443 6948 9862 2044 6145 8855 3416 4032 1919 1742 8512 3095 1459 4383 6552 2520 7242 4986 1870 1102 6143 1056 855 3507 9072 8755 7267 1166 8390 8878 6811 4515 237 8859 5854 9466 7860 5428 2235 9233 2404 6665 9434 5497 3246 2370 3508 2833 5219 1262 2675 1952 1406 249 8066 4180 7792 6915 6809 3321 6601 5438 2842 6213 6378 2780 7056 3686 2589 9311 2080 1314 1698 3390 5306 406 4930 7118 7005 9845 412 115 8591 3923 7388 7532 6510 2811 2656 9704 7312 9118 9769 1936 539 3926 603 6388 8558 7237 8035 3721 954 1761 8691 600 2014 198 6945 7809 4215 6174 1294 4011 428 7620 3700 3269 8436 5073 3382 8189 8722 4546 4218 5817 8807 9250 4578 4992 866 5122 6182 4713 1914 1701 2033 2019 123 8426 9222 5332 8007 6721 4410 7962 1261 729 4090 6719 9081 7001 92 5379 7739 680 8279 7007 673 57 210 2551 1892 5972 683 693 6175 8650 3054 6591 6433 9290 8362 6100 5581 6345 1661 580 2576 1873 8752 3026 3096 965 8422 7290 2739 1507 9455 8871 3983 7276 1458 3464 8601 4723 3368 2645 1353 6006 1719 1552 8796 1830 9091 9923 5259 4332 3211 3568 2704 4288 1905 7623 6701 3377 4448 6338 157 8254 7072 5727 245 475 9609 7701 7725 9389 5373 914 5191 5409 8610 3657 9716 3271 7167 7682 5820 2970 5718 6418 639 5720 844 9712 7044 8550 3034 5808 5346 4157 947 512 8713 1135 1726 7702 9736 4862 4167 9024 5067 9448 5299 318 982 3463 7146 7692 4258 6841 1713 4421 3747 7102 6757 9588 5072 4074 8901 3067 6594 7763 270 169 9299 1530 3461 4776 2837 2632 5943 5978 938 1783 58 3137 6837 1063 1453 669 9673 7053 1392 1352 153 5027 6471 5114 3458 4727 5971 4312 7172 7656 9122 5652 4109 9411 7013 2869 4226 4756 9 775 6991 1706 8942 6048 8329 1416 9355 2224 3499 8283 9011 1221 6607 1114 5426 4434 9935 4955 6924 7159 494 9996 4538 7196 2219 2043 7888 2740 2757 5737 1517 5982 4146 7615 9421 6220 4340 2508 1046 7310 1413 8578 4492 999 4614 3639 8140 9598 8148 2949 2006 6904 5622 6119 7271 9852 700 9877 8139 1571 2341 5662 3343 6492 9564 3129 4365 4934 3400 3576 3641 5485 7365 8461 6353 4496 7499 7673 3525 6365 8221 1598 2951 8908 9560 5775 7221 2593 5880 1886 9323 5565 8135 9276 4800 3102 2692 1391 568 5199 1456 1169 1606 3723 6802 4902 7836 9066 4027 9570 6953 9419 5479 4623 8095 604 8982 9040 958 6877 8295 4570 2466 9525 6104 4406 8196 2200 733 6758 7200 7438 6968 2798 2445 8534 8288 2411 6403 5394 7779 9595 9297 6438 2312 4814 388 6611 4815 1488 407 4438 1736 3890 8087 7514 2882 2564 4669 6512 361 9796 8529 6146 5827 354 3869 8667 2972 5422 7823 1225 4656 5295 7069 255 5242 3204 8707 8276 5594 6396 5003 1931 7248 6288 3740 1763 471 4596 66 4654 5957 8028 5487 6725 5464 6400 2128 3068 4946 8186 7628 478 4482 3046 6106 3085 5098 211 9465 1502 649 7585 2290 2070 3928 4035 9070 7410 5043 4389 6315 985 1073 618 5131 4299 5419 7999 3535 4819 5415 5060 1654 2407 2292 8491 3261 355 6739 5573 1640 248 8271 7684 3594 7129 2087 595 9823 5393 9295 5672 1156 9551 1240 8313 5816 5389 9214 3231 8429 801 6938 4924 6336 5399 9480 6768 5980 2886 1376 17 6958 5205 7510 1977 7141 3615 1613 524 6110 7943 1656 2047 226 1652 3253 5627 8947 8321 1578 8996 5631 5825 6083 4541 7879 1645 8571 9726 3621 8304 8379 2344 2118 2488 2045 8016 1684 1286 8233 7476 2216 9471 7208 9981 6788 3245 4861 7225 3853 2460 8300 7027 2988 7023 2492 5640 3790 1523 5750 2602 7495 8156 4670 2662 1366 7783 463 7959 4405 3414 4499 7762 3263 4143 4056 4618 9920 9611 992 381 2598 591 2112 829 8684 3485 3255 4595 4860 1619 4604 7563 9511 6853 4451 1582 9083 9401 2700 8563 631 3378 8720 759 7143 4261 650 6604 1216 7964 2726 2898 1101 2208 4301 6314 1733 7064 8 72 2484 3142 8208 3445 5458 6734 8973 7570 5078 4686 3433 9875 9911 8086 4846 7314 1844 1803 6381 3566 2702 4305 9530 8674 1201 3751 2650 2827 4894 1625 608 1955 8457 4429 3276 5554 5338 122 9000 2081 944 9085 3089 8930 4876 5920 3017 5616 4806 1992 7095 176 7398 8643 2458 6526 7627 3569 8444 8868 5061 5572 1624 847 657 3539 6443 4016 9693 7403 1702 8822 6987 148 6525 1335 7067 8900 9432 776 3788 7504 5034 1180 8212 9319 672 9516 6934 4899 4606 3789 9195 8380 7041 2362 1591 3357 3217 1159 7168 3600 6067 8703 9341 5641 9749 483 1949 6589 4203 2628 1850 4982 1296 853 8054 7582 7749 8473 827 3178 8340 3965 2172 7425 4206 4781 6964 5754 1084 4022 8600 9275 1384 2641 6031 9125 2871 1696 5651 4133 6691 1910 8825 5743 9009 2222 5468 1077 9521 4142 9142 7 9597 5203 6568 7497 5625 9171 1729 9663 3935 4508 3874 9965 9132 3793 8312 9656 4731 104 4558 5469 3864 5364 1755 7963 5788 3593 1006 7904 2543 9226 1510 6081 6071 5684 4675 4269 8113 3749 1356 410 8229 142 3980 1979 8467 269 2787 8785 9357 4572 9834 5494 1162 401 7137 3032 3097 1381 767 2621 1513 3900 1432 7255 458 151 2347 6608 4439 4208 1902 748 1041 8626 4920 2831 4932 5089 2102 5722 8382 7302 2366 7945 6391 3624 1703 423 3140 9269 9578 317 959 723 579 8664 4780 8735 3691 2449 8998 3768 7736 8635 6886 6131 4253 6957 3862 1078 4537 3029 9493 346 8101 129 7454 708 2934 7827 6852 3358 6592 5363 3413 1478 6126 1982 8411 6913 6116 3990 3597 6070 5676 9026 5172 4283 6342 6880 9062 6840 2875 7169 6196 2174 4029 3397 2486 9550 5449 9722 5099 7669 7140 8748 1514 783 6848 1989 6467 9472 1475 7905 1966 6019 8127 9265 9652 7444 5155 4121 542 8809 6066 9331 5995 9840 9318 8287 6825 9399 2669 6290 1018 9486 9225 2336 4624 7933 4449 29 4663 8252 7902 8014 9028 2443 3521 8136 5437 9638 5872 2025 8408 6801 3498 4176 1447 459 296 2210 1372 5452 8030 7956 6517 6774 695 2884 3135 9539 3577 6108 2987 7055 7303 2824 2553 8789 5180 6662 8742 312 8633 9377 9977 2856 9610 4036 6139 3002 1583 1529 2160 1129 2978 8738 349 8902 2434 614 6986 1357 7220 469 9948 1153 7754 9450 1841 9205 4783 9819 5091 6289 5300 9004 3572 8275 4907 6899 2732 8323 3542 195 9715 8202 2405 9022 5776 1628 6316 6636 8763 160 3578 7659 347 6583 1731 315 8112 2784 1974 1527 3688 4319 9523 3713 8510 9176 6782 5538 8535 8777 3224 7287 3070 8075 814 3478 6080 8940 4155 7687 25 3154 9661 2065 5305 8772 5575 4075 9032 5819 9101 5649 4908 1716 1859 5521 942 1811 218 6569 7457 7281 7332 3706 7972 9886 5337 9082 4150 809 464 8302 7683 8393 4320 7895 6631 7490 6907 4369 1580 4631 1375 7048 9620 2883 8729 7583 442 6619 5715 9905 5221 5101 9193 7595 7600 6293 6465 5225 5515 6838 7602 7477 6909 2926 2976 9759 8533 455 5380 105 7520 732 9637 6534 9374 787 8084 1718 5728 3237 4531 5184 3712 9572 9342 4020 3369 6222 7717 8965 2751 7618 7713 2778 978 2885 6761 8955 3655 6431 1874 1287 856 3493 1834 5660 6076 8485 1930 9170 509 9953 6499 9950 2953 262 415 6327 7730 1518 1396 8197 4196 661 3842 2094 6916 4584 2667 8174 8146 581 2990 235 6141 8376 8164 5864 6920 2938 2844 4746 4798 651 1470 2261 6022 8555 566 4222 1798 2862 4411 889 6011 5402 2257 4270 5344 20 3687 8749 8542 4490 5536 2275 4936 714 9134 3354 4981 1881 4973 2567 1786 3940 8363 2537 6415 6360 8522 9962 7192 4479 2385 1981 8880 4026 2749 5582 9353 5196 6169 9001 1762 3946 12 9705 7705 5386 5805 818 3045 9698 6059 1454 5294 7107 181 5795 4297 516 4961 3800 7517 4337 6751 3457 4407 9542 4811 8810 2448 5256 2737 3406 1209 121 4913 4287 1237 2329 2904 4895 5569 4384 3148 1705 5548 616 6490 3760 1629 8895 6783 7542 2544 4947 7900 6833 4600 390 1655 9422 7214 9045 638 7923 7521 7100 9164 172 1010 2105 240 448 2516 3962 5491 2616 573 8731 7435 9894 127 7788 2498 9579 3355 7852 480 7970 6184 5633 2170 3734 2796 9900 5870 4680 7094 3796 1181 8782 9474 4274 6325 5787 103 8195 3601 9003 3072 5948 3404 7246 8416 340 24 574 1967 5275 5527 6008 4412 3663 4682 9723 3345 637 6377 7741 2273 730 1801 5559 2902 2911 3474 3157 7050 8978 5712 8061 6266 2380 5960 5507 3906 7861 6823 8228 5729 9383 5849 5231 1714 8409 3101 641 8110 8068 439 4762 4699 9615 6442 9444 5950 9423 3645 7478 3074 3758 6573 5375 8743 9991 6932 9071 2067 4437 2467 9505 8317 852 7817 6447 3668 4353 6012 491 6074 4998 547 8941 8596 8770 6960 1071 3970 2716 5928 7537 3120 7470 9748 1991 5285 8225 8037 6673 2523 5398 796 7839 6680 7066 6320 9452 8062 6755 6496 2901 5591 6587 953 8784 1027 8959 5280 6784 5618 6513 4793 5970 5054 7593 8682 7997 2291 1428 578 2942 5789 624 8771 3279 8640 6159 6810 3826 6271 7194 6639 8945 2349 9786 9724 8151 9410 283 9358 2249 4775 4502 3057 5410 6974 8548 3080 4556 870 6898 7885 6371 9918 9438 4962 9018 4254 5284 2879 3024 4585 8194 6830 5953 3808 8307 1851 5698 7319 341 2786 9403 2936 4058 2895 5002 9697 5178 2925 4331 6627
850 6428 6885 5260 1785 7136 9822 2584 4891 3039 45 2717 3183 3831 691 9106 7080 5959 9049 6570 3423 4065 5588 934 5062 3190 9053 42 2209 3636 9282 1048 3265 1568 6956 9960 1833 8698 9194 6791 8407 5837 4671 8246 2086 5535 9213 773 1846 159 7148 9248 4634 4922 7946 476 8835 5130 4797 7708 8170 1956 1842 5984 4701 1060 551 6640 8740 910 2069 6265 3972 9747 1021 2836 9743 8431 271 8080 5041 8934 6294 2442 1205 7695 1140 702 446 6151 6778 9646 563 3333 4239 7458 4650 9042 7516 4717 8003 9592 3005 3763 1275 850 3306 3932 3462 6756 16 817 3099 4 170 8841 3953 6407 7699 7230 3350 3855 9120 3612 3735 4311 9785 1278 6889 9052 4442 2293 1890 7543 1325 4560 1429 229 6995 8530 5612 1124 5456 8130 3954 5855 9095 5968 2479 4607 9076 3702 1608 9836 6032 5910 1197 5005 2914 375 5574 5598 5423 4018 8445 3291 9752 2395 5020 2664 5400 7482 1239 3898 4926 5151 5724 1016 5182 4005 2401 9454 2677 706 4001 2137 3186 515 4030 5726 4677 1575 6822 5867 7086 3049 1133 4302 4530 3019 1750 5901 740 3783 1674 167 792 6551 4948 4722 1521 8417 2920 1138 7110 8564 941 1865 8737 3335 1222 5863 6676 6616 4377 956 1998 3151 3513 6295 1174 4575 36 9240 6538 1253 8377 1836 4134 9310 7981 8249 800 243 3429 1354 5935 2281 7693 9798 8398 9451 5278 9853 3215 6331 5769 6535 8518 3341 5053 4174 1193 5090 111 2552 3774 1083 358 1525 5070 871 8483 3234 3908 7455 3487 5687 7610 8325 4726 5045 790 9973 7875 4163 9818 59 9327 3546 4898 3229 8466 7815 9917 2509 8617 7407 6918 8330 4818 6586 4728 199 1548 6914 1647 4435 1867 532 7039 4223 546 2426 8260 6705 3277 4687 3315 2188 7983 6997 384 7345 4401 6648 7531 2412 3515 7939 9029 9654 8350 642 1389 1915 5289 8857 8907 997 2040 2539 8769 798 7877 4658 4100 1618 5442 8824 5488 5024 5766 1214 5249 9187 5441 1303 6018 3356 1948 1044 4430 4402 55 2121 2977 7308 6429 1147 5894 2390 2316 9618 8956 781 3094 3284 8686 5198 5108 916 3771 3449 3759 4294 8371 5840 3812 4382 3849 8231 8435 1280 5063 1128 5417 3147 5689 6192 5579 430 1467 7247 6024 6508 6298 8115 8509 8185 6908 9279 9824 7321 3730 4603 7025 9160 6684 2944 8384 3585 9694 6063 5993 2413 5839 5782 7588 4161 2682 3828 2082 6291 1223 5450 7696 6996 4829 4602 4748 1308 6749 8883 2893 989 5962 213 2967 1146 7012 1838 9002 5220 9381 3806 1504 2372 4317 6696 7363 559 9252 2348 5104 3108 8341 7924 7184 2283 5956 3939 2889 6653 1616 8599 5505 3886 3287 4207 5026 3512 6204 1828 633 9409 6078 9140 7898 9999 1117 4740 6334 3319 7834 6714 6079 6617 3602 1161 5806 5013 3359 6884 9659 64 8336 7231 8133 4704 4836 9776 7437 5899 1033 2379 5331 2309 2321 5357 5688 9487 8291 7428 840 4404 2754 500 9867 5617 2319 4752 9626 2133 912 9345 599 755 6695 3371 7285 8199 5655 4202 7103 8537 9144 3031 9779 3244 2453 7357 1565 7127 3737 6232 9701 9758 8921 2974 3714 6469 1116 5047 807 3967 2665 9237 3252 6571 6394 9944 5605 5087 8817 9801 9711 9137 6333 6549 1561 7716 7226 9746 9532 5164 6132 2742 4154 1463 4216 1343 2816 6095 3395 7420 5871 6831 9519 6383 1332 1945 1534 786 1922 5933 3296 3206 9102 9775 2773 1388 1251 7391 5576 2196 4041 7451 6855 765 2471 668 5762 1155 7092 7263 3726 2356 8923 7469 8102 6733 5735 5961 4536 5902 8557 8881 8405 5888 3538 4013 712 1481 4620 2575 9379 4242 9691 4462 6771 5873 9306 3676 2074 3626 6489 4651 3022 9631 114 9036 3994 4485 4000 5824 6254 9849 5316 9503 8962 18 2865 7967 5657 2437 9508 6661 8243 6478 7019 6335 2115 4681 7666 8192 9335 4326 1877 7354 6040 3998 3527 9074 9557 2454 7601 6797 1347 3752 5764 8032 4367 5996 9978 5629 4008 8823 2812 1576 3351 894 9124 7125 5615 2269 1800 3909 3196 1305 717 6943 1594 3015 9143 7991 7518 9285 4381 3649 5110 1266 4877 9934 9679 731 6533 2478 5985 1449 1404 9778 6901 5809 8979 3547 6308 2834 196 2311 8935 9642 3959 9563 7106 6495 2572 2514 6503 4702 5549 4820 6305 8272 5032 3197 4532 5215 2776 6637 378 2041 1464 8776 7968 8501 1255 5609 451 2487 8070 6029 2999 2881 2306 4352 5092 3173 3589 9731 7002 8236 8928 2059 4548 5372 1916 145 3421 3092 2959 951 8918 6189 8298 6633 1369 2807 2850 1678 6626 1638 5432 5774 2594 8744 2431 4256 7806 5635 4707 9866 4512 119 1533 6240 9161 1522 4881 6737 9555 9847 8360 4235 1268 3901 8387 8443 8470 3913 2561 845 2810 7996 6017 5644 5273 8392 1627 4659 3399
460 8544 9141 4322 8097 746 4189 9714 1813 5500 3123 4049 7205 9594 3562 3288 3179 6668 3704 1035 9288 9887 3025 7639 8121 4303 8440 553 9037 8386 9695 7015 9075 2152 1704 5898 2777 3630 5938 5511 3643 34 7380 7689 7611 7394 6416 487 9755 40 4802 4279 8745 9606 3682 2640 1926 3582 896 7020 9378 5207 6961 1964 6925 432 421 6102 3177 462 5520 3050 3992 2860 9123 60 2430 3139 2085 4476 663 4697 4636 7383 4009 6556 2339 5313 1961 3118 9678 2912 8954 2126 4983 1604 8711 4730 7016 5229 7974 4181 7773 8266 9721 1794 15 1217 9831 232 7668 5714 7637 4183 590 6622 606 2301 4069 3541 4975 9955 8958 6990 43 7379 107 308 1784 6686 771 80 9133 311 9362 8423 6971 1028 5757 7755 2233 6236 4348 7660 4185 1730 9149 5878 4003 9314 8993 789 3802 2624 204 565 8040 2415 1307 4158 7703 9203 7597 1519 3176 6277 6268 4691 7062 9093 8944 5659 323 9317 1118 6666 8593 2909 2230 4679 5384 2835 3105 9760 5096 7906 1724 7068 300 1908 5309 2948 8815 1069 2857 2120 5803 7596 1405 3174 8616 5352 9228 3839 9007 7830 3360 4547 3290 709 1934 510 5869 2017 1972 9135 2686 3136 9414 805 8925 8334 4343 5761 1829 8886 1401 2428 2657 9672 6208 3942 5075 1494 1885 664 3894 643 7058 6414 4276 585 8475 8490 1094 7035 6450 6156 1142 6670 1457 3786 3692 1054 3674 5270 6706 9232 5443 5842 4414 2527 7681 8031 6075 758 1469 3213 2187 7212 4549 6223 5746 9630 112 3650 2226 3047 2714 8860 7778 4240 9513 2727 3418 9674 1013 884 1351 2425 3004 8310 6946 302 1906 3325 5628 8034 398 4010 6487 2229 2910 6689 6387 5272 8269 9928 7433 2592 1480 4023 9641 4187 424 1058 8608 9016 1043 8459 3372 3666 2580 6140 438 6193 7241 3475 3012 5194 913 5094 7825 1164 3738 4225 8021 2932 9639 725 7434 1324 7565 890 162 5145 1019 146 3307 9086 3053 2579 298 4409 5932 2392 7658 5019 4210 9602 2162 3627 8632 4267 7619 6501 1318 823 3699 821 2729 3447 9903 4505 9201 8836 7376 6103 3424 2694 4468 3066 3163 8045 2991 5560 3450 6248 8606 8685 7505 9766 3208 8520 1957 1728 8567 9025 2962 2533 6577 7807 5813 3993 2828 5907 9947 9535 5586 47 5526 8750 4735 9064 4695 166 937 5859 3816 3931 2789 4461 5621 7837 371 3008 5050 1739 9388 4832 6235 2493 4643 6955 6542 1954 9330 3540 2532 2213 1106 869 5851 5551 9650 5361 1946 9782 7718 4871 7908 3857 2952 9544 6061 1212 8964 6135 9556 2681 5107
374 9168 3922 2672 4852 3590 660 1386 9211 570 445 8546 9446 8961 5336 6001 846 9727 8447 4338 5952 5503 8971 8710 9591 314 5334 2241 5528 8870 256 3471 3383 8297 89 8797 8356 3640 26 1192 3618 3149 9352 2140 9130 1863 6910 2965 1737 3323 1241 9428 3036 6348 8884 5949 9096 919 9777 6211 7715 8681 1430 5883 4639 6985 5499 9121 8050 320 1340 9477 9315 4282 5228 2748 5759 5157 9936 9622 5850 7347 4969 3528 6205 6437 2238 4692 6752 7296 7840 6359 7489 8920 2794 5457 7960 2738 1299 435 8741 6744 6286 1888 3420 3803 7278 9583 5772 380 2247 5512 7592 6750 356 5496 4641 8974 9126 9883 5403 1693 9254 7670 8988 615 5597 3336 21 7484 5906 3330 8917 4124 1694 7037 991 1899 4732 9575 4504 2050 9857 1002 7195 4988 7863 3055 6773 7009 1319 1003 3127 403 6025 6352 4985 6082 225 2354 6272 1744 877 9844 143 4098 6892 6457 4420 6044 1856 3220 2730 2759 1853 7099 5752 4213 5804 264 8762 2225 6072 2741 4488 5356 2125 1866 3677 6644 981 2326 369 9312 7378 449 9050 8190 2888 8175 3370 4700 903 514 9209 4149 4693 5643 6180 5484 3971 5642 6306 418 4555 955 8226 3820 8758 3805 4164 5493 3376 5614 583 8158 4557 7829 1403 6962 9717 7273 9653 1611 9647 4453 481 285 3222 9929 4842 2420 3822 9162 1471 5799 8056 1190 4879 7373 1252 761 4886 8795 5111 9386 7797 7780 165 9234 136 3564 1722 4007 4626 4333 6458 7535 3809 4233 7057 1605 4073 3223 4772 2461 3270 3658 9245 6536 7686 1617 2764 1814 6642 3689 6109 7862 4427 4173 7567 2503 7301 9569 2284 8739 8104 8852 7197 7987 6602 7512 4848 1297 8929 3586 7486 4733 6799 2483 8433 1900 8308 857 8576 632 6053 2360 2197 6260 5665 8203 4105 3098 4664 8672 6832 2691 7604 5936 7164 6203 5466 6921 891 806 253 6358 3607 5685 4954 7726 4592 1079 8374 2481 1473 4268 2985 8589 2556 1559 966 3038 2969 3381 3106 5897 6561 2809 4708 9838 3403 825 3769 4037 7747 9163 8265 3444 7555 3580 9860 6405 7264
171 5634 4960 1579 1587 1965 4760 9543 2452 9890 2414 2191 5160 3756 1204 596 7511 3929 8364 4066 5608 6796 8399 5213 4660 477 9559 4415 8950 3866 7442 8193 5460 3557 3845 8162 2013 9625 7430 8966 8421 5654 4495 3722 3731 6304 5682 7087 3091 7464 6341 8754 8924 2609 5435 6859 1593 319 2745 6057 8673 7369 3489 7356 106 8292 2158 4465 7316 4799 9044 8005 6162 6550 437 4889 550 3167 4289 3675 5900 5843 576 4542 51 3144 6715 5121 5749 4665 6856 718 2030 8253 8245 1708 2928 1723 7188 5404 2935 6693 911 9497 9057 4582 7958 6813 6454 7432 3846 5770 8899 6310 6367 2685 924 8345 2790 6993 8248 4919 2743 6337 4045 5093 5994 5152 4918 5606 1636 2549 5095 6462 2251 6743 3344 4280 7307 6629 611 8051 1840 6521 4737 8614 8319 7881 4321 1195 9046 324 5212 9528 241 8119 180 9534 1623 1732 5773 2246 6527 7732 4399 8839 6020 2515 5271 9938 7113 9649
127 9792 2984 5427 3393 1029 4813 861 1498 382 3609 7265 5214 1535 7515 6451 4113 7758 4080 8168 9794 6930 6530 9830 6977 1673 2653 9683 2432 1537 7889 8837 6628 6940 803 8414 505 6905 2299 3184 5236 4609 1450 923 8827 2402 4653 4911 6839 6307 967 8403 9946 3976 7826 6247 3337 9566 1075 2127 7372 935 7211 4245 728 6194 9684 9048 2002 7250 9682 770 8456 9514 4296 7101 2545 8160 3996 2597 1017 8179 5599 4510 4108 2302 9686 3559 5158 1978 8058 8779 2721 5812 8708 8081 5882 9912 843 6153 7930 8830 4561 7731 990 6303 2189 9293 6762 5317 3349 7008 6722 3468 2670 3366 282 8619 5481 7422 5418 6173 9827 4014 1185 5561 7559 2388
131 8450 7851 1999 4804 3363 9488 2823 1472 7256 4077 9328 9360 474 5383 6982 1573 6543 27 8383 6154 6931 5532 1330 7402 3339 3519 5942 4091 108 6463 7636 5247 429 8875 7982 5129 6258 7969 5997 6117 9385 1809 2614 8699 1024 5826 4249 3391 1025 7723 4784 571 9761 9937 9097 6966 6554 221 7158 2569 3332 3267 2053 4104 1677 682 704 9494 4313 1198 3917 8093 8442 8609 5353 8239 2770 8285 8831 9745 2232 5760 4044 3156 9854 4325 6740 3130 409 5183 3865 4110 6567 9153 1676 1259 9376 7462 3742 203 7536 4544 8889 4290 359 4456 1371 4696 2900 9158 5847 6728 9490 9068 986 9464 3065 1879 5330 1452 8109 337 48 9326 6895 8882 7757 6134 3978 3599 9810
89 8572 7878 1440 8022 5784 3281 484 8911 8645 9324 7111 1064 2064 3654 1098 9737 4638 8794 9562 5314 8147 8677 4990 868 7275 7928 8976 5083 7525 2913 3131 9750 4952 9855 8455 2416 2066 5118 1321 799 5367 777 8038 2761 376 3646 8675 5504 9800 4943 1667 9547 3180 7033 3437 5695 815 2324 2872 9325 2206 1567 1876 9047 4129 2821 3799 7155 7626 9021 3571 8333 5154 414 1346 834 1581 6343 307 1806 7479 6777 742 1394 8580 154 1284 5858 1157
82 5590 7676 7994 8702 6712 8116 9998 4706 5038 4498 3007 4359 3773 4786 549 5335 260 3792 4863 6373 6937 867 5626 7548 6259 5892 2240 206 293 8065 1570 5319 5243 3023 9364 8706 4012 2282 113 3084 6317 4721 5702 2427 5009 8788 3459 1682 2095 4138 79 7413 6181 4995 6929 1975 8660 7156 6972 940 6052 7677 9113 1385 9080 4224 5918 9463 8060 9687 5543 3030 936 8583 7294 3918 6598 4097 5991 2406 7021 5255
75 4868 3728 9730 3718 7350 5431 9846 7070 1901 3000 6870 1569 7814 2958 7599 6700 4198 3924 3338 7530 118 9402 1107 4810 1455 9305 242 1827 1699 4729 7562 9013 8126 4342 3613 5358 7224 699 7128 8811 9181 2072 4038 983 3848 8802 9878 3727 3588 3214 4646 2264 5261 5459 6709 486 9208 1361 453 1486 7856 3451 1288 4590 8270 1928 4714 1399 1345 5877 5930 1791 9192 9154 7234
71 2146 1387 8504 9826 7343 4989 1468 7235 1437 8434 1285 2604 3260 8503 3921 3385 6871 7481 540 6983 4219 273 4966 6748 4455 2353 7528 5713 2768 7180 8549 6767 3716 2218 1740 3881 5683 4323 7201 2868 7028 2334 2744 7866 6902 9975 3604 6854 2310 1882 2142 3500 9531 8783 9949 9436 5821 3254 4900 4736 4527 6860 5879 5856 9690 2931 1309 6287 7771 933 1988
58 7694 3316 8919 874 4480 3264 7161 9073 7323 7295 7416 8936 4046 3412 9773 9963 1276 5 9027 2024 2167 4278 970 1487 8494 2637 185 2450 6747 9172 7561 2470 2983 6559 5406 3711 2303 8700 6675 5838 5502 3532 2511 110 620 6364 360 5311 4064 38 1889 9502 5124 5694 5395 5830 2877 2577
40 8775 4423 6484 5833 8255 7077 8137 5048 2171 5132 7112 2615 6772 920 6439 2278 7909 8999 4328 193 9169 3960 2663 3596 6965 8420 6039 4475 7447 5986 9901 6199 9294 8098 4778 3915 6004 28 6514 1987
43 7133 1743 8198 1563 6685 19 6949 763 4770 9512 6529 6896 5893 9926 5004 8173 7657 3673 2421 1331 6420 3165 7339 2619 7445 9167 4336 932 8556 7998 2250 3352 4959 2063 2964 4416 6324 7616 251 7280 31 9765 467
46 5318 8651 5706 163 4903 3443 3847 6618 5348 8012 2673 2838 3669 9599 6099 6036 3486 1322 4478 3520 8506 8349 5887 1485 3912 3777 4457 2689 619 9634 4647 7131 569 7284 6672 6590 301 8437 4136 2825 9628 6368 5080 7150 3778 8020
46 4486 7065 5424 3854 1342 7227 4809 7541 499 2027 5302 4205 1657 6978 1167 1149 9084 5439 3770 2039 2843 5074 8912 7304 4241 1226 9720 2547 2011 881 6574 648 7802 8862 7767 9127 9812 3402 9593 1395 7935 3955 4873 6849 5768 5828
47 6423 9371 1817 2091 3209 8730 1539 2090 8472 3665 8205 7222 2554 5721 3772 4807 528 656 7358 8513 276 7698 3867 2573 9956 5566 6790 9129 2578 3744 1462 4227 5144 2775 908 9242 9856 8257 8634 8865 216 33 8328 6419 8076 7392 9990
36 9221 3948 6713 6251 344 892 7770 9517 8117 6867 426 497 1820 9030 65 4872 5678 1022 8916 9916 1891 1607 9580 4516 3062 1484 8514 1551 7978 3422 362 4419 2296 9969 5211 9600
41 7079 8984 508 4372 1426 46 4972 4464 6043 7640 3365 6349 9271 727 2455 4816 3561 9369 506 3469 963 9945 6579 8838 5234 5624 4790 5719 1112 4999 2109 7306 1337 2491 1790 7524 4884 1281 634 7508 2571
33 8099 1641 671 558 5645 2765 1425 4447 7494 3258 8903 8592 4503 5113 4068 747 6155 2399 6092 3694 8885 8733 8282 3396 4710 1644 294 8250 4817 6379 5693 8176 6703
24 231 1103 8621 5477 6998 6539 7795 4970 5539 56 5447 297 7591 6249 6678 6827 8331 6087 8800 3732 246 8525 1273 7051
26 2562 8642 925 4388 7401 7664 4929 5023 4888 1096 8628 7503 9173 4243 6191 353 9993 4127 7108 8144 6814 8536 5913 4425 6941 4081
24 3442 4123 4834 4084 4250 593 678 8575 6464 5671 9504 1414 1160 572 3040 4116 5396 2322 5176 6300 6328 7078 1219 7024
32 6201 2211 1316 6704 1227 6654 3710 3041 5937 4619 9828 1015 7261 8891 4683 4674 3161 9094 7772 4586 9188 1350 1738 2530 9995 7315 8932 447 1177 3143 973 9604
24 9367 1249 305 7831 1409 7171 998 274 1122 492 8975 4125 5958 9893 3109 5810 3293 9567 7189 444 3885 2521 5186 370
26 2475 3662 379 6376 4838 8867 3574 9553 4103 4738 2113 247 8396 3329 3754 9896 3776 268 4086 7262 3973 6270 6346 4668 6468 6641
22 1540 7934 3633 7850 8240 9015 8819 946 5365 2957 503 7153 4364 5681 6179 6537 8114 4747 1993 7936 470 6906
21 1632 6760 1845 326 6789 8303 279 5362 3052 3282 7446 4939 1200 4308 5753 8719 8079 3823 8428 6723 8451
18 6975 3153 8372 482 7642 4501 3632 23 4433 7569 4773 1186 8286 9522 1410 9019 1745 4715
21 8043 8219 4666 7396 652 4615 2731 9112 7152 2712 1263 7951 4197 501 1446 4518 6435 8092 8268 1315 6732
14 7738 8218 882 2357 556 8290 4422 3305 696 3472 8631 7775 1363 3232
22 3248 2022 8138 4987 4649 7550 495 5979 7940 6118 4102 3230 7954 6477 2190 1646 897 1232 6926 9623 5341 9301
19 1004 5079 9184 9395 9107 8517 841 5301 3887 7038 5235 6795 9274 5133 1207 5035 1688 9815 5584
20 1847 1188 9207 4371 4551 2845 1137 3963 367 4676 7124 86 131 5790 9098 6861 3814 5239 2568 9077
21 5563 5620 3617 3966 3115 9574 4744 8521 3861 6101 543 1110 2363 9608 7480 5286 826 2340 1546 88 3841
17 7202 8874 1310 9733 1883 4363 5119 8689 8224 4489 6171 2760 4443 9793 5480 3434 5811
17 1008 2073 8361 2880 7269 9479 4484 2588 6548 1497 5217 9063 1443 6209 1869 4850 7074
16 4370 290 6824 5490 1852 3813 8760 8153 2062 6651 9677 9116 1933 6178 567 8661
13 710 8482 5848 7612 8842 3132 1774 8338 1171 2540 9876 254 5730
19 3563 2355 8604 2276 8538 7300 8278 7884 9010 782 2617 5230 2939 8630 6692 9453 2185 2287 7018
10 2444 7362 6952 8180 8753 9354 3504 7341 2338 6479
16 295 2805 9872 8085 3581 625 2996 280 7704 8152 2793 8654 3656 336 9797 8625
11 3698 9930 5751 3172 1175 9621 5181 629 6123 2221 5522
13 6890 5815 1614 2145 7367 5258 404 5308 1448 5416 4165 7144 1558
10 9573 6157 4956 6133 2956 7947 4789 900 2480 647
13 7921 6947 2215 8216 8167 126 2661 9343 6121 1778 2504 4275 6575
14 4808 7648 7744 9175 7985 906 3150 9515 5658 6113 5999 2555 5251 171
13 372 5120 8648 5686 4993 7052 5677 2927 3239 8241 1474 8559 7166
11 5134 4535 9966 9702 5263 291 2815 8237 6421 6794 62
13 5845 1150 9645 9296 4767 4111 277 3188 6088 4625 7641 5921 4131
17 1080 4200 2746 1923 4082 6868 6242 6292 8992 7408 1373 8756 3033 7239 6643 1804 2242
9 5779 9841 3285 2016 6546 4418 537 5674 6207
10 8541 8469 6160 5976 2722 1545 5189 8652 4130 7672
10 3807 2817 5800 1461 4637 4471 4177 4335 3073 1047
15 5923 7366 6023 3969 2277 2861 1476 6107 4528 9373 7274 3725 6370 217 5814
14 2517 3171 6879 4088 8850 1491 1751 8400 5472 4769 5669 3781 6936 7798
11 4997 6256 8668 2725 7727 5647 5501 8214 6318 3194 2255
14 2490 2696 8767 7646 3342 7160 3964 8301 2035 4709 9843 8069 7920 5141
10 7707 1398 779 931 3380 7147 3266 785 73 1095
12 13 7995 6257 1271 612 3119 4766 9336 5197 9441 4238 417
11 4883 2034 2108 101 4525 6621 1858 887 1224 7210 2333
13 9565 7896 8478 4452 8553 4251 3984 4117 4194 9499 2892 4483 7580
8 3059 1665 2528 5320 711 7911 6202 5885
8 3490 5292 8665 7949 1176 8826 7549 7288
8 7938 2099 4345 4526 7270 9607 7187 3634
9 8905 4426 6273 5017 6077 7644 485 3111 6366
7 8774 1136 6149 3159 6279 3386 6090
11 9119 2658 8764 7546 7912 7733 5287 303 4191 2792 8082
8 2294 5232 1254 6717 8002 2866 1115 1634
14 1903 6195 9316 7624 7573 179 3916 1649 5697 4330 3999 4491 5165 6401
6 7085 4859 1953 4463 9813 8010
8 9320 7223 7789 6776 6332 2781 3829 6969
8 3927 2245 8843 8155 6494 1336 2839 7635
8 11 6858 5571 4366 3729 2559 3943 7411
11 109 3879 1483 3199 2973 9185 5015 6544 6873 6483 2032
7 3233 8394 5008 8523 5973 5529 7979
10 3081 4741 8747 9020 9069 4360 1279 3936 1937 2779
6 6374 3367 6278 289 208 1055
9 6716 3061 9060 6228 4351 623 1382 8759 1511
11 9051 3310 2408 6115 1796 259 8639 1642 6060 4925 1721
8 917 7385 9617 6111 2708 5040 386 3113
6 7926 1875 5204 6596 6441 2980
11 734 6037 5366 8055 878 2943 7122 7824 5699 2397 3454
7 2383 692 4571 4688 7791 749 4580
8 5391 6506 9023 9244 3583 9987 3840 6404
5 374 5359 1812 7544 7810
10 339 1621 3028 2981 9707 4277 3920 1052 8926 4139
5 7805 4605 496 2497 9138
9 8258 8602 7925 8318 7387 84 7076 5818 9809
8 488 5866 3497 5143 4849 2377 7665 1506
7 4339 2668 9109 2155 1868 819 4644
7 8083 6973 2186 3764 7485 4867 5525
6 2439 7359 4734 1707 1725 1895
8 5227 8879 3021 9204 124 233 3818 2107
6 830 3891 2173 5150 6792 7093
8 6605 3933 2159 8280 9744 5710 8449 7389
7 9333 9603 7465 5792 8388 316 7799
5 5732 3684 96 2387 4750
6 5741 756 7813 6124 2690 9266
7 7764 7965 4135 4963 8715 3071 2678
7 6038 265 6843 5988 6164 697 960
10 2822 6440 2150 8946 9111 3902 7901 2830 1824 9662
6 3925 4774 5329 8347 5791 5281
7 2629 8067 1158 3286 7753 8967 5018
8 8888 9789 880 607 1997 6 197 3219
6 831 3152 5577 5546 1832 4232
10 926 2477 5159 2001 9220 1610 8238 6329 472 1082
7 4509 9103 1 7181 325 9509 5733
6 7179 839 1712 2855 810 1670
5 9590 555 930 9238 9485
7 6911 1633 6887 6086 4450 7119 4459
6 7608 3334 3555 7272 85 6148
7 6434 67 5890 9655 71 6010 3251
4 7533 98 419 1199
8 9586 3138 5374 6094 7174 7474 3872 3202
5 7631 5216 6650 1367 212
6 1420 8000 3185 7483 2960 8493
6 4107 5955 4796 1896 8125 5771
6 5797 220 8368 1300 9407 9585
5 517 8100 5430 575 8484
7 630 662 6994 3182 2797 8848 720
8 6449 8892 334 6882 9833 3543 2724 8094
6 1418 8149 2204 8489 8124 6502
9 8545 5388 2803 9417 7395 1531 8969 4169 1983
4 2386 9643 6301 969
4 3013 4094 3327 6058
6 797 3750 9210 5992 8157 2655
6 137 4569 8326 7252 7139 5039
9 6393 6738 3904 1411 5739 6793 4545 1810 2274
6 1884 7634 2676 7786 8181 1528
7 6445 2051 5226 4655 304 1588 3836
7 5463 6900 5853 8161 9807 9614 1291
6 7751 3299 1821 5748 2961 2601
7 7318 3155 8453 6021 1942 275 9243
6 4043 2975 744 6417 1265 8107
4 5276 4021 4266 4906
8 7216 1364 1768 1807 5908 3302 144 1862
6 9447 6425 188 6959 8851 5537
8 158 4252 2138 5166 6007 9456 939 4273
7 577 2993 8299 3076 2864 6214 8678
8 3556 2687 9725 4589 5969 2318 9885 9270
6 1421 1776 8615 8277 7667 6766
6 6339 9582 4271 6532 1943 3274
7 8695 8018 6356 2709 2703 9613 4841
8 5446 9892 9880 4385 685 7405 4640 8316
5 4745 8256 3724 4885 7045
7 2236 4567 6731 6779 971 2918 5323
6 1236 393 9055 2644 365 3619
7 4040 833 972 8623 1557 2808 4028
7 3660 5455 6229 7828 4469 5801 7337
5 2468 7910 7467 6309 9350
7 8655 2286 1431 5413 6033 4657 3262
5 6967 535 8869 864 4928
6 8972 3837 904 6724 1941 6759
5 8154 9781 4247 5700 4396
9 735 7734 7868 754 4593 5946 8527 8515 44
8 192 9347 3207 9927 6397 769 3522 2123
5 7059 1920 9370 345 8446
7 7132 7855 4805 523 9820 1040 5069
5 7740 863 1170 7586 9256
3 4965 2907 2634
7 1663 7182 9259 3221 1782 6694 9879
3 4428 9043 7104
5 8683 2134 7886 5638 1154
5 7915 975 5556 8793 6553
4 5401 9006 6344 8309
6 1495 2181 8023 9174 842 5841
3 860 617 4890
6 738 7842 2058 236 4597 4231
6 425 5861 6523 3069 363 1304
8 7298 9959 5716 4851 7088 9390 234 214
5 5264 8430 8163 3133 4971
5 6281 8622 3426 1108 37
5 9340 5046 1187 9038 9957
7 1173 2130 2364 9427 6009 6850 9596
6 3510 7647 3938 3014 3717 2093
3 3452 5595 8492
5 3530 4875 7460 7215 2103
4 2267 8096 8696 7010
4 9821 4689 1244 3011
4 6820 5412 644 5661
4 7431 3753 6380 6226
3 224 9837 9895
5 2767 2535 2147 6520 8108
8 4742 5708 875 1379 4513 1230 6558 5444
3 2699 832 4749
5 7890 7575 1220 1985 9322
5 3795 2004 8963 2056 7344
4 5011 9108 10 8818
3 5016 737 9576
5 2164 244 2192 9230 7283
4 9393 3715 5343 4264
3 9972 5558 8188
6 2374 7498 8985 3838 7228 1995
4 5037 2110 762 4534
4 3170 4315 3100 5570
4 7386 41 6988 2268
3 4050 5448 4718
6 8244 4346 6311 3653 2441 3719
3 6647 2217 9212
3 52 9262 5692
4 309 768 5126 1131
5 2369 2982 95 9666 4072
4 3549 6035 9199 6984
4 9117 3911 7529 8118
4 753 3797 3058 2122
4 331 1490 3981 6406
3 9404 9558 7364
4 9802 5392 8618 4361
3 3243 9954 4588
6 1973 8804 3473 8495 6939 490
5 7412 4015 3103 4950 2574
3 364 4968 7204
7 8551 4830 5673 4260 3832 3104 2550
4 5351 3573 9571 6369
3 2890 5865 4803
3 7440 4608 3141
3 9537 4307 8111
2 5021 7568
4 8182 7745 1089 1423
3 4147 5874 6187
4 1878 2046 8554 6408
3 5200 6646 3317
3 1887 1050 645
6 3166 2799 5222 7409 7305 7466
3 205 2008 8105
6 53 8293 2840 8375 9803 9825
5 6047 9206 1687 8344 1586
2 3298 636
6 1301 1218 6357 1861 5983 3035
4 9284 7382 8669 6897
4 1710 100 2639 9337
3 2101 1093 6658
3 3043 716 3125
2 1727 5029
3 6284 5680 1795
5 2131 8997 3945 3428 7507
3 6806 5707 4300
3 1990 6835 1289
4 8306 9633 1543 8981
5 7710 5179 6219 5745 1355
5 9260 7291 3362 3280 9910
3 8210 4470 4648
2 3608 9482
4 8348 5786 9616 3616
3 189 7346 838
4 3241 6951 909 7663
4 3195 6218 1759 8638
2 504 4309
4 396 8305 2119 2031
6 7423 1206 3631 3020 9249 7370
2 2623 7917
4 6283 3009 9980 4587
3 2874 1407 3914
3 6682 1940 8452
5 7297 9498 3878 328 4765
3 2007 3375 5666
4 5926 3979 3664 8353
3 2915 7004 1270
3 8227 8781 7335
4 5931 8496 5288 4991
3 7090 7804 3697
3 5623 6144 5339
5 5084 2707 2788 1370 7671
3 9481 7774 1648
4 3048 4821 6014 6422
5 1912 9680 3947 2612 3374
2 8584 589
7 156 6130 7138 586 1141 8849 4661
3 7907 2994 1445
3 9816 3671 795
3 3466 272 7571
4 9538 5049 8177 534
3 8574 7424 1615
5 4244 461 536 7848 7975
3 5513 1653 6942
2 1397 7502
5 9033 5829 6005 4286 6255
2 8690 948
4 984 99 2060 5378
4 9636 7579 8751 1260
3 5540 6545 3605
5 5125 4394 4472 209 6212
3 2315 5541 263
3 8709 7186 6319
4 2852 1097 3629 8844
4 3791 4281 7811 3379
5 9387 8960 7803 5248 6963
3 2214 8845 7858
3 1126 8332 3502
4 8397 4285 1438 5656
3 2393 4984 1765
5 5068 1011 1349 70 452
3 6412 9921 7352
3 5648 7081 5567
4 6798 7843 4257 2400
3 4553 7327 5580
3 1358 2151 9196
2 3003 2546
2 977 6246
4 1773 8465 9577 7414
5 2271 8230 6875 3690 5602
3 2582 5486 2507
3 6250 2472 5534
3 2088 5734 3308
5 1872 6185 7472 9771 1622
3 2519 5478 6105
3 588 1231 646
3 4099 8949 5553
6 3044 3476 9804 9128 3950 5109
2 4432 2280
3 8666 6735 3974
2 7218 4118
4 1081 1039 2654 525
3 9952 6976 2720
4 2307 4070 2684 2660
2 9152 7654
2 4690 3436
3 5508 4201 9375
3 2199 4265 2566
2 6183 258
2 6679 9536
4 1512 8983 4568 5136
2 6625 5823
4 9799 6413 4964 7527
4 8477 6263 9970 5509
3 3825 8562 2548
2 511 75
2 4771 7899
4 1037 2012 5128 1499
2 1697 1001
2 9729 8688
3 3944 3441 895
2 8887 6804
4 2419 6466 8480 5989
3 7322 8479 8898
3 7190 5238 9368
3 6505 5139 9396
3 9147 6566 1592
3 8676 6903 9146
3 1005 6659 4613
2 3200 9859
3 4621 3858 8646
4 8644 9246 2713 4397
3 7865 2429 8320
3 8539 5042 2804
2 7892 5085
3 1123 3283 3733
3 5519 6786 7556
5 3622 8352 1929 6137 5664
