13 701 750 281 422 434 653 851 541 36 789 468 360 871
10 72 847 347 315 942 894 889 439 852 282
12 684 791 473 888 739 219 715 384 997 567 858 345
8 457 288 736 598 397 456 311 87
10 568 604 66 649 595 524 591 829 154 201
9 683 9 361 211 755 801 761 763 46
9 76 92 680 965 639 982 938 514 112
10 793 974 161 642 584 140 986 225 125 922
9 58 153 958 64 471 840 912 774 97
8 483 853 129 29 821 349 614 737
8 979 81 964 883 117 111 833 323
7 466 901 689 670 373 199 258
9 498 659 879 949 740 630 320 107 675
8 959 469 160 25 809 105 415 41
9 78 862 90 128 170 432 629 294 504
8 618 226 381 650 8 165 727 797
9 389 405 548 61 968 779 571 289 784
8 610 91 150 800 565 620 886 70
9 700 388 407 985 355 875 348 246 279
8 732 978 818 638 573 340 936 24
9 844 270 669 999 803 255 478 326 500
6 184 743 465 569 301 545
8 512 169 758 418 633 302 398 370
9 714 181 616 127 730 641 966 265 277
7 547 796 578 283 870 419 63
7 330 928 60 593 837 970 780
8 854 2 69 663 338 682 365 939
7 322 237 428 123 920 815 210
6 943 135 532 300 527 394
6 0 420 597 400 332 521
7 502 130 229 678 721 393 971
7 148 776 162 142 506 50 316
6 455 566 240 448 824 655
7 138 816 256 34 477 273 3
6 626 551 416 16 817 811
5 115 600 989 264 673
8 907 855 412 539 664 984 234 95
7 872 310 781 777 782 628 522
6 74 194 200 392 391 266
6 238 792 690 435 484 720
7 672 151 579 346 607 826 374
5 17 759 260 707 921
7 464 787 196 426 497 769 501
6 856 262 651 378 937 121
8 608 122 944 786 284 267 897 765
5 443 167 308 771 43
6 157 475 318 449 101 193
5 657 827 458 423 104
5 195 814 892 860 587
6 243 987 790 203 753 933
5 553 68 665 896 563
6 916 430 877 178 557 751
5 676 873 555 402 93
6 408 941 513 499 425 902
5 249 406 866 917 57
6 480 574 951 371 518 212
4 580 245 369 947
6 491 953 825 503 900 531
5 164 760 380 431 472
5 516 390 172 950 764
5 395 314 89 702 766
7 746 493 994 436 336 26 747
7 248 424 179 19 967 658 329
4 594 83 359 911
6 401 767 146 543 876 186
4 207 773 552 810
6 666 957 159 846 271 350
4 296 312 983 859
5 15 232 319 209 794
4 729 559 492 914
4 198 382 48 337
5 413 546 778 331 387
5 176 7 206 293 668
5 708 114 932 754 18
4 190 437 204 356
4 410 269 770 748
3 542 699 149
4 993 27 839 188
6 494 830 1 762 325 842
4 686 798 865 133
4 603 643 99 585
3 609 799 918
4 631 913 867 139
5 45 13 445 474 726
4 476 528 108 910
4 213 693 274 254
4 560 636 334 228
4 134 80 926 252
4 103 145 696 637
4 775 955 588 440
4 462 158 768 208
4 152 596 328 227
3 692 517 427
4 599 535 438 562
3 47 556 120
4 292 510 710 259
3 358 615 174
4 505 247 646 705
4 285 307 508 342
3 848 110 141
4 479 850 4 627
3 253 882 20
3 119 126 624
3 244 549 864
3 656 544 460
3 79 731 205
3 317 963 723
4 39 564 109 71
3 861 305 954
4 163 930 679 250
3 991 84 741
3 51 878 972
4 660 654 280 286
3 376 831 278
3 414 180 733
3 581 891 661
3 446 429 667
3 706 220 703
3 166 451 836
3 143 231 533
4 324 241 444 490
3 509 806 235
3 59 38 718
3 841 409 363
3 890 242 217
3 56 887 538
4 367 86 981 645
2 529 832
3 218 251 442
3 298 880 828
3 606 185 662
3 619 257 995
3 756 744 812
2 992 272
3 297 834 461
3 261 290 925
3 385 975 147
3 216 33 745
3 835 570 352
3 404 931 171
4 534 182 915 417
2 712 351
3 447 85 722
3 998 802 635
3 550 734 525
3 717 192 31
4 386 303 884 583
3 869 977 946
2 845 511
2 12 617
2 362 202
2 725 757
3 904 716 536
2 632 640
2 354 905
2 67 239
3 576 313 168
2 459 441
2 711 519
3 783 808 88
3 695 857 197
2 903 335
2 990 287
3 221 236 515
2 55 189
2 704 173
2 935 364
2 956 674
2 495 488
3 339 863 838
2 65 321
2 341 98
3 898 372 10
3 379 52 299
2 118 622
2 996 177
3 868 353 893
2 5 899
2 233 969
2 96 14
3 590 572 35
2 224 849
3 611 131 183
3 749 453 677
2 113 948
3 403 924 116
2 644 223
2 612 687
3 421 309 605
2 481 100
2 823 6
3 485 634 486
3 368 788 561
2 919 62
2 843 575
2 411 647
3 728 885 137
2 215 589
2 813 132
2 11 752
2 577 94
2 496 592
2 558 929
2 554 49
2 923 772
2 648 822
2 537 75
2 487 961
2 291 952
3 40 540 874
2 652 621
3 895 30 713
2 375 738
2 709 909
2 106 530
2 807 454
2 945 155
2 805 32
3 906 82 357
2 470 694
2 136 988
2 526 724
2 623 214
2 785 53
2 344 77
2 73 343
2 697 960
2 28 433
2 175 601
2 463 742
2 602 804
4 156 187 377 625
2 124 582
2 735 37
2 23 523
2 304 795
2 275 698
2 881 54
2 819 973
2 908 489
2 399 44
2 940 396
2 21 452
2 482 688
3 681 934 691
2 42 671
2 383 980
3 927 22 685
2 366 520
2 191 276
2 450 144
1 820
2 613 507
2 268 976
1 230
2 586 327
1 102
1 962
1 295
1 467
1 719
1 222
1 263
1 306
1 333
0 
0 
0 
0 
0 
0 
0 
0 
0 
0 
0 
0 
0 
0 
0 
0 
0 
0 
0 
0 
0 
0 
0 
0 
0 
0 
0 
0 
0 
0 
0 
0 
0 
0 
0 
0 
0 
0 
0 
0 
0 
0 
0 
0 
0 
0 
0 
0 
0 
0 
0 
0 
0 
0 
0 
0 
0 
0 
0 
0 
0 
0 
0 
0 
0 
0 
0 
0 
0 
0 
0 
0 
0 
0 
0 
0 
0 
0 
0 
0 
0 
0 
0 
0 
0 
